<?xml version="1.0" encoding="UTF-8"?>
<testsuite xmlns:xsi="http://www.w3.org/2001/XMLSchema-instance" xsi:noNamespaceSchemaLocation="https://maven.apache.org/surefire/maven-surefire-plugin/xsd/surefire-test-report-3.0.xsd" version="3.0" name="com.klinik.controller.AppointmentControllerTest" time="4.369" tests="2" errors="0" skipped="0" failures="0">
  <properties>
[...]
</properties>
  <testcase name="createAppointment_WithNullDoctor_ReturnsBadRequest" classname="com.klinik.controller.AppointmentControllerTest" time="0.307">
    <system-out><![CDATA[16:55:59.102 [main] INFO org.springframework.test.context.support.AnnotationConfigContextLoaderUtils -- Could not detect default configuration classes for test class [com.klinik.controller.AppointmentControllerTest]: AppointmentControllerTest does not declare any static, non-private, non-final, nested classes annotated with @Configuration.
16:55:59.273 [main] INFO org.springframework.boot.test.context.SpringBootTestContextBootstrapper -- Found @SpringBootConfiguration com.klinik.KlinikApplication for test class com.klinik.controller.AppointmentControllerTest

  .   ____          _            __ _ _
 /\\ / ___'_ __ _ _(_)_ __  __ _ \ \ \ \
( ( )\___ | '_ | '_| | '_ \/ _` | \ \ \ \
 \\/  ___)| |_)| | | | | || (_| |  ) ) ) )
  '  |____| .__|_| |_|_| |_\__, | / / / /
 =========|_|==============|___/=/_/_/_/
 :: Spring Boot ::                (v3.2.0)

2026-02-10T16:55:59.678+03:00  INFO 14256 --- [           main] c.k.c.AppointmentControllerTest          : Starting AppointmentControllerTest using Java 17.0.16 with PID 14256 (started by musta in C:\Users\musta\Desktop\Dental-Clinic_Project\backend)
2026-02-10T16:55:59.680+03:00 DEBUG 14256 --- [           main] c.k.c.AppointmentControllerTest          : Running with Spring Boot v3.2.0, Spring v6.1.1
2026-02-10T16:55:59.681+03:00  INFO 14256 --- [           main] c.k.c.AppointmentControllerTest          : No active profile set, falling back to 1 default profile: "default"
2026-02-10T16:56:02.634+03:00  WARN 14256 --- [           main] .s.s.UserDetailsServiceAutoConfiguration : 

Using generated security password: a1556ba2-b894-4a66-b0e7-64640c2809b4

This generated password is for development use only. Your security configuration must be updated before running your application in production.

2026-02-10T16:56:02.807+03:00  INFO 14256 --- [           main] o.s.s.web.DefaultSecurityFilterChain     : Will secure any request with [org.springframework.security.web.session.DisableEncodeUrlFilter@6cf047cf, org.springframework.security.web.context.request.async.WebAsyncManagerIntegrationFilter@1c92a549, org.springframework.security.web.context.SecurityContextHolderFilter@6aa6c17, org.springframework.security.web.header.HeaderWriterFilter@698f4aa, org.springframework.web.filter.CorsFilter@323e026d, org.springframework.security.web.csrf.CsrfFilter@12448de1, org.springframework.security.web.authentication.logout.LogoutFilter@12214f2f, org.springframework.security.web.authentication.UsernamePasswordAuthenticationFilter@110620d, org.springframework.security.web.authentication.ui.DefaultLoginPageGeneratingFilter@3f0c6b3c, org.springframework.security.web.authentication.ui.DefaultLogoutPageGeneratingFilter@1716c037, org.springframework.security.web.authentication.www.BasicAuthenticationFilter@3f322610, org.springframework.security.web.savedrequest.RequestCacheAwareFilter@2e349cf2, org.springframework.security.web.servletapi.SecurityContextHolderAwareRequestFilter@3dbb3fb7, org.springframework.security.web.authentication.AnonymousAuthenticationFilter@79b63325, org.springframework.security.web.access.ExceptionTranslationFilter@39851c5, org.springframework.security.web.access.intercept.AuthorizationFilter@2a4e939a]
2026-02-10T16:56:02.866+03:00  INFO 14256 --- [           main] o.s.b.t.m.w.SpringBootMockServletContext : Initializing Spring TestDispatcherServlet ''
2026-02-10T16:56:02.867+03:00  INFO 14256 --- [           main] o.s.t.web.servlet.TestDispatcherServlet  : Initializing Servlet ''
2026-02-10T16:56:02.868+03:00  INFO 14256 --- [           main] o.s.t.web.servlet.TestDispatcherServlet  : Completed initialization in 1 ms
2026-02-10T16:56:02.897+03:00  INFO 14256 --- [           main] c.k.c.AppointmentControllerTest          : Started AppointmentControllerTest in 3.546 seconds (process running for 4.412)
]]></system-out>
  </testcase>
  <testcase name="createAppointment_WithNullDoctorId_ReturnsBadRequest" classname="com.klinik.controller.AppointmentControllerTest" time="0.073"/>
</testsuite>